<?xml version="1.0" encoding="UTF-8"?>
<!-- Generated by org.testng.reporters.JUnitXMLReporter -->
<testsuite ignored="1" hostname="Khosruz" failures="0" tests="23" name="Surefire test" time="109.063" errors="0" timestamp="2023-09-10T15:47:49 EDT">
  <testcase classname="com.Tests.DeshBoardHomeTest" name="pageTitleTest" time="0.014"/>
  <testcase classname="com.Tests.DeshBoardHomeTest" name="salseDataTest" time="1.832"/>
  <testcase classname="com.Tests.DeshBoardHomeTest" name="salseDataTest" time="2.971"/>
  <testcase classname="com.Tests.DeshBoardHomeTest" name="salseDataTest" time="2.225"/>
  <testcase classname="com.Tests.DeshBoardHomeTest" name="salseDataTest" time="3.774"/>
  <testcase classname="com.Tests.DeshBoardHomeTest" name="salseDataTest" time="1.696"/>
  <testcase classname="com.Tests.DeshBoardHomeTest" name="salseDataTest" time="3.01"/>
  <testcase classname="com.Tests.DeshBoardHomeTest" name="salseDataTest" time="4.001"/>
  <testcase classname="com.Tests.DeshBoardHomeTest" name="salseDataTest" time="1.592"/>
  <testcase classname="com.Tests.DeshBoardOrderTest" name="pageTitleTest" time="0.007"/>
  <testcase classname="com.Tests.DeshBoardOrderTest" name="orderManueTest" time="0.038"/>
  <testcase classname="com.Tests.DeshBoardOrderTest" name="heasdSelectionTest" time="0.698"/>
  <testcase classname="com.Tests.DeshBoardOrderTest" name="bodySelectionTest" time="0.281"/>
  <testcase classname="com.Tests.DeshBoardOrderTest" name="legsSelectionTest" time="0.112"/>
  <testcase classname="com.Tests.DeshBoardOrderTest" name="shippingAddress" time="2.844"/>
  <testcase classname="com.Tests.HomePageTest" name="homeButtonTest" time="0.037"/>
  <testcase classname="com.Tests.HomePageTest" name="homePageText" time="0.041"/>
  <testcase classname="com.Tests.HomePageTest" name="loginButtonTest" time="0.054"/>
  <testcase classname="com.Tests.HomePageTest" name="orderButtonTest" time="0.085"/>
  <testcase classname="com.Tests.HomePageTest" name="pageTitleTest" time="0.024"/>
  <testcase classname="com.Tests.LoginPageTest" name="pageTitleTest" time="0.016"/>
  <testcase classname="com.Tests.LoginPageTest" name="loginTest" time="0.484"/>
  <testcase classname="com.Tests.LoginPageTest" name="displayNameTest" time="2.315"/>
  <testcase classname="com.Tests.DeshBoardOrderTest" name="displayReceipt" time="0.0">
    <ignored/>
  </testcase> <!-- displayReceipt -->
</testsuite> <!-- Surefire test -->
