<?xml version="1.0" encoding="UTF-8"?>
<!-- Generated by org.testng.reporters.JUnitXMLReporter -->
<testsuite ignored="6" hostname="Khosruz" failures="0" tests="1" name="Default test" time="5.16" errors="0" timestamp="2023-09-08T11:32:03 EDT">
  <testcase classname="com.Tests.DeshBoardOrderTest" name="shippingAddress" time="2.037"/>
  <testcase classname="com.Tests.DeshBoardOrderTest" name="orderManueTest" time="0.0">
    <ignored/>
  </testcase> <!-- orderManueTest -->
  <testcase classname="com.Tests.DeshBoardOrderTest" name="heasdSelectionTest" time="0.0">
    <ignored/>
  </testcase> <!-- heasdSelectionTest -->
  <testcase classname="com.Tests.DeshBoardOrderTest" name="bodySelectionTest" time="0.0">
    <ignored/>
  </testcase> <!-- bodySelectionTest -->
  <testcase classname="com.Tests.DeshBoardOrderTest" name="pageTitleTest" time="0.0">
    <ignored/>
  </testcase> <!-- pageTitleTest -->
  <testcase classname="com.Tests.DeshBoardOrderTest" name="legsSelectionTest" time="0.0">
    <ignored/>
  </testcase> <!-- legsSelectionTest -->
  <testcase classname="com.Tests.DeshBoardOrderTest" name="displayReceipt" time="0.0">
    <ignored/>
  </testcase> <!-- displayReceipt -->
</testsuite> <!-- Default test -->
