<?xml version="1.0" encoding="UTF-8"?>
<!-- Generated by org.testng.reporters.JUnitXMLReporter -->
<testsuite ignored="1" hostname="Khosruz" failures="0" tests="23" name="Command line test" time="77.166" errors="0" timestamp="2023-09-06T21:27:42 EDT">
  <testcase classname="com.Tests.DeshBoardHomeTest" name="pageTitleTest" time="0.015"/>
  <testcase classname="com.Tests.DeshBoardHomeTest" name="salseDataTest" time="3.626"/>
  <testcase classname="com.Tests.DeshBoardHomeTest" name="salseDataTest" time="2.7"/>
  <testcase classname="com.Tests.DeshBoardHomeTest" name="salseDataTest" time="1.499"/>
  <testcase classname="com.Tests.DeshBoardHomeTest" name="salseDataTest" time="1.089"/>
  <testcase classname="com.Tests.DeshBoardHomeTest" name="salseDataTest" time="2.726"/>
  <testcase classname="com.Tests.DeshBoardHomeTest" name="salseDataTest" time="2.1"/>
  <testcase classname="com.Tests.DeshBoardHomeTest" name="salseDataTest" time="1.295"/>
  <testcase classname="com.Tests.DeshBoardHomeTest" name="salseDataTest" time="2.509"/>
  <testcase classname="com.Tests.DeshBoardOrderTest" name="pageTitleTest" time="0.007"/>
  <testcase classname="com.Tests.DeshBoardOrderTest" name="orderManueTest" time="0.035"/>
  <testcase classname="com.Tests.DeshBoardOrderTest" name="heasdSelectionTest" time="0.575"/>
  <testcase classname="com.Tests.DeshBoardOrderTest" name="bodySelectionTest" time="0.136"/>
  <testcase classname="com.Tests.DeshBoardOrderTest" name="legsSelectionTest" time="0.106"/>
  <testcase classname="com.Tests.DeshBoardOrderTest" name="shippingAddress" time="1.861"/>
  <testcase classname="com.Tests.HomePageTest" name="homeButtonTest" time="0.045"/>
  <testcase classname="com.Tests.HomePageTest" name="homePageText" time="0.039"/>
  <testcase classname="com.Tests.HomePageTest" name="loginButtonTest" time="0.047"/>
  <testcase classname="com.Tests.HomePageTest" name="orderButtonTest" time="0.063"/>
  <testcase classname="com.Tests.HomePageTest" name="pageTitleTest" time="0.011"/>
  <testcase classname="com.Tests.LoginPageTest" name="pageTitleTest" time="0.008"/>
  <testcase classname="com.Tests.LoginPageTest" name="loginTest" time="0.289"/>
  <testcase classname="com.Tests.LoginPageTest" name="displayNameTest" time="3.045"/>
  <testcase classname="com.Tests.DeshBoardOrderTest" name="displayReceipt" time="0.0">
    <ignored/>
  </testcase> <!-- displayReceipt -->
</testsuite> <!-- Command line test -->
