<?xml version="1.0" encoding="UTF-8"?>
<testsuite xmlns:xsi="http://www.w3.org/2001/XMLSchema-instance" xsi:noNamespaceSchemaLocation="https://maven.apache.org/surefire/maven-surefire-plugin/xsd/surefire-test-report-3.0.xsd" version="3.0" name="TestSuite" time="109.994" tests="23" errors="0" skipped="0" failures="0">
  <properties>
[...]
</properties>
  <testcase name="pageTitleTest" classname="com.Tests.DeshBoardHomeTest" time="0.019">
    <system-out><![CDATA[Page Title is : RobotSpareBin Industries Inc. - Intranet
]]></system-out>
    <system-err><![CDATA[SLF4J: Failed to load class "org.slf4j.impl.StaticLoggerBinder".
SLF4J: Defaulting to no-operation (NOP) logger implementation
SLF4J: See http://www.slf4j.org/codes.html#StaticLoggerBinder for further details.
Starting ChromeDriver 116.0.5845.96 (1a391816688002153ef791ffe60d9e899a71a037-refs/branch-heads/5845@{#1382}) on port 45505
Only local connections are allowed.
Please see https://chromedriver.chromium.org/security-considerations for suggestions on keeping ChromeDriver safe.
ChromeDriver was started successfully.
Sep 10, 2023 3:46:02 PM org.openqa.selenium.remote.ProtocolHandshake createSession
INFO: Detected dialect: W3C
]]></system-err>
  </testcase>
  <testcase name="salseDataTest[MIraz, Zaman, 3210.0](1)" classname="com.Tests.DeshBoardHomeTest" time="1.836">
    <system-out><![CDATA[8 Row's and ================= 3 Column === 
MIraz, 
Zaman, 
3210.0, 
Daraz, 
Khamit, 
1245.0, 
Saraz, 
Amit, 
845.0, 
Ankit, 
Dash, 
3254.0, 
Chanchar, 
Bash, 
3245.0, 
Mike, 
Tumil, 
786.0, 
Sean, 
Jhon, 
3251.0, 
Shukinodr, 
Preet, 
4800.0, 
Name Target Result Difference
MIraz Zaman $5,000 $3,210 $-1,790
Boss Message for salse performance:- Well. It was a nice attempt. I guess?
]]></system-out>
    <system-err><![CDATA[Starting ChromeDriver 116.0.5845.96 (1a391816688002153ef791ffe60d9e899a71a037-refs/branch-heads/5845@{#1382}) on port 63127
Only local connections are allowed.
Please see https://chromedriver.chromium.org/security-considerations for suggestions on keeping ChromeDriver safe.
ChromeDriver was started successfully.
Sep 10, 2023 3:46:06 PM org.openqa.selenium.remote.ProtocolHandshake createSession
INFO: Detected dialect: W3C
]]></system-err>
  </testcase>
  <testcase name="salseDataTest[Daraz, Khamit, 1245.0](2)" classname="com.Tests.DeshBoardHomeTest" time="2.972">
    <system-out><![CDATA[Name Target Result Difference
Daraz Khamit $5,000 $1,245 $-3,755
Boss Message for salse performance:- The boss wants to see you...
]]></system-out>
    <system-err><![CDATA[Starting ChromeDriver 116.0.5845.96 (1a391816688002153ef791ffe60d9e899a71a037-refs/branch-heads/5845@{#1382}) on port 60579
Only local connections are allowed.
Please see https://chromedriver.chromium.org/security-considerations for suggestions on keeping ChromeDriver safe.
ChromeDriver was started successfully.
Sep 10, 2023 3:46:10 PM org.openqa.selenium.remote.ProtocolHandshake createSession
INFO: Detected dialect: W3C
]]></system-err>
  </testcase>
  <testcase name="salseDataTest[Saraz, Amit, 845.0](3)" classname="com.Tests.DeshBoardHomeTest" time="2.227">
    <system-out><![CDATA[Name Target Result Difference
Saraz Amit $5,000 $845 $-4,155
Boss Message for salse performance:- The boss wants to see you...
]]></system-out>
    <system-err><![CDATA[Starting ChromeDriver 116.0.5845.96 (1a391816688002153ef791ffe60d9e899a71a037-refs/branch-heads/5845@{#1382}) on port 28310
Only local connections are allowed.
Please see https://chromedriver.chromium.org/security-considerations for suggestions on keeping ChromeDriver safe.
ChromeDriver was started successfully.
Sep 10, 2023 3:46:15 PM org.openqa.selenium.remote.ProtocolHandshake createSession
INFO: Detected dialect: W3C
]]></system-err>
  </testcase>
  <testcase name="salseDataTest[Ankit, Dash, 3254.0](4)" classname="com.Tests.DeshBoardHomeTest" time="3.778">
    <system-out><![CDATA[Name Target Result Difference
Ankit Dash $5,000 $3,254 $-1,746
Boss Message for salse performance:- Well. It was a nice attempt. I guess?
]]></system-out>
    <system-err><![CDATA[Starting ChromeDriver 116.0.5845.96 (1a391816688002153ef791ffe60d9e899a71a037-refs/branch-heads/5845@{#1382}) on port 6138
Only local connections are allowed.
Please see https://chromedriver.chromium.org/security-considerations for suggestions on keeping ChromeDriver safe.
ChromeDriver was started successfully.
Sep 10, 2023 3:46:19 PM org.openqa.selenium.remote.ProtocolHandshake createSession
INFO: Detected dialect: W3C
]]></system-err>
  </testcase>
  <testcase name="salseDataTest[Chanchar, Bash, 3245.0](5)" classname="com.Tests.DeshBoardHomeTest" time="1.698">
    <system-out><![CDATA[Name Target Result Difference
Chanchar Bash $5,000 $3,245 $-1,755
Boss Message for salse performance:- Well. It was a nice attempt. I guess?
]]></system-out>
    <system-err><![CDATA[Starting ChromeDriver 116.0.5845.96 (1a391816688002153ef791ffe60d9e899a71a037-refs/branch-heads/5845@{#1382}) on port 18273
Only local connections are allowed.
Please see https://chromedriver.chromium.org/security-considerations for suggestions on keeping ChromeDriver safe.
ChromeDriver was started successfully.
Sep 10, 2023 3:46:24 PM org.openqa.selenium.remote.ProtocolHandshake createSession
INFO: Detected dialect: W3C
]]></system-err>
  </testcase>
  <testcase name="salseDataTest[Mike, Tumil, 786.0](6)" classname="com.Tests.DeshBoardHomeTest" time="3.015">
    <system-out><![CDATA[Name Target Result Difference
Mike Tumil $5,000 $786 $-4,214
Boss Message for salse performance:- The boss wants to see you...
]]></system-out>
    <system-err><![CDATA[Starting ChromeDriver 116.0.5845.96 (1a391816688002153ef791ffe60d9e899a71a037-refs/branch-heads/5845@{#1382}) on port 47963
Only local connections are allowed.
Please see https://chromedriver.chromium.org/security-considerations for suggestions on keeping ChromeDriver safe.
ChromeDriver was started successfully.
Sep 10, 2023 3:46:29 PM org.openqa.selenium.remote.ProtocolHandshake createSession
INFO: Detected dialect: W3C
]]></system-err>
  </testcase>
  <testcase name="salseDataTest[Sean, Jhon, 3251.0](7)" classname="com.Tests.DeshBoardHomeTest" time="4.004">
    <system-out><![CDATA[Name Target Result Difference
Sean Jhon $5,000 $3,251 $-1,749
Boss Message for salse performance:- Well. It was a nice attempt. I guess?
]]></system-out>
    <system-err><![CDATA[Starting ChromeDriver 116.0.5845.96 (1a391816688002153ef791ffe60d9e899a71a037-refs/branch-heads/5845@{#1382}) on port 43965
Only local connections are allowed.
Please see https://chromedriver.chromium.org/security-considerations for suggestions on keeping ChromeDriver safe.
ChromeDriver was started successfully.
Sep 10, 2023 3:46:34 PM org.openqa.selenium.remote.ProtocolHandshake createSession
INFO: Detected dialect: W3C
]]></system-err>
  </testcase>
  <testcase name="salseDataTest[Shukinodr, Preet, 4800.0](8)" classname="com.Tests.DeshBoardHomeTest" time="1.593">
    <system-out><![CDATA[Name Target Result Difference
Shukinodr Preet $5,000 $4,800 $-200
Boss Message for salse performance:- Hmm. Did not quite make it.
]]></system-out>
    <system-err><![CDATA[Starting ChromeDriver 116.0.5845.96 (1a391816688002153ef791ffe60d9e899a71a037-refs/branch-heads/5845@{#1382}) on port 53747
Only local connections are allowed.
Please see https://chromedriver.chromium.org/security-considerations for suggestions on keeping ChromeDriver safe.
ChromeDriver was started successfully.
Sep 10, 2023 3:46:40 PM org.openqa.selenium.remote.ProtocolHandshake createSession
INFO: Detected dialect: W3C
]]></system-err>
  </testcase>
  <testcase name="pageTitleTest" classname="com.Tests.DeshBoardOrderTest" time="0.01">
    <system-out><![CDATA[Page Title is : RobotSpareBin Industries Inc. - Intranet
]]></system-out>
    <system-err><![CDATA[Starting ChromeDriver 116.0.5845.96 (1a391816688002153ef791ffe60d9e899a71a037-refs/branch-heads/5845@{#1382}) on port 33797
Only local connections are allowed.
Please see https://chromedriver.chromium.org/security-considerations for suggestions on keeping ChromeDriver safe.
ChromeDriver was started successfully.
Sep 10, 2023 3:46:44 PM org.openqa.selenium.remote.ProtocolHandshake createSession
INFO: Detected dialect: W3C
]]></system-err>
  </testcase>
  <testcase name="orderManueTest" classname="com.Tests.DeshBoardOrderTest" time="0.041">
    <system-out><![CDATA[Text Found as : Build and order your robot!

]]></system-out>
    <system-err><![CDATA[Starting ChromeDriver 116.0.5845.96 (1a391816688002153ef791ffe60d9e899a71a037-refs/branch-heads/5845@{#1382}) on port 39630
Only local connections are allowed.
Please see https://chromedriver.chromium.org/security-considerations for suggestions on keeping ChromeDriver safe.
ChromeDriver was started successfully.
Sep 10, 2023 3:46:47 PM org.openqa.selenium.remote.ProtocolHandshake createSession
INFO: Detected dialect: W3C
]]></system-err>
  </testcase>
  <testcase name="heasdSelectionTest" classname="com.Tests.DeshBoardOrderTest" time="0.701">
    <system-out><![CDATA[We are on the section number : 1. Head:
Available Item in the list is : 
Roll-a-thor head
Peanut crusher head
D.A.V.E head
Andy Roid head
Spanner mate head
Drillbit 2000 head
]]></system-out>
    <system-err><![CDATA[Starting ChromeDriver 116.0.5845.96 (1a391816688002153ef791ffe60d9e899a71a037-refs/branch-heads/5845@{#1382}) on port 23174
Only local connections are allowed.
Please see https://chromedriver.chromium.org/security-considerations for suggestions on keeping ChromeDriver safe.
ChromeDriver was started successfully.
Sep 10, 2023 3:46:50 PM org.openqa.selenium.remote.ProtocolHandshake createSession
INFO: Detected dialect: W3C

Selected Head is : Peanut crusher head

]]></system-err>
  </testcase>
  <testcase name="bodySelectionTest" classname="com.Tests.DeshBoardOrderTest" time="0.284">
    <system-out><![CDATA[We are on 2. Body:
Roll-a-thor body
Peanut crusher body
D.A.V.E body
Andy Roid body
Spanner mate body
Drillbit 2000 body
]]></system-out>
    <system-err><![CDATA[Starting ChromeDriver 116.0.5845.96 (1a391816688002153ef791ffe60d9e899a71a037-refs/branch-heads/5845@{#1382}) on port 19853
Only local connections are allowed.
Please see https://chromedriver.chromium.org/security-considerations for suggestions on keeping ChromeDriver safe.
ChromeDriver was started successfully.
Sep 10, 2023 3:46:53 PM org.openqa.selenium.remote.ProtocolHandshake createSession
INFO: Detected dialect: W3C

Selected Body is : Peanut crusher body

]]></system-err>
  </testcase>
  <testcase name="legsSelectionTest" classname="com.Tests.DeshBoardOrderTest" time="0.114">
    <system-out><![CDATA[We are on : 3. Legs:
]]></system-out>
    <system-err><![CDATA[Starting ChromeDriver 116.0.5845.96 (1a391816688002153ef791ffe60d9e899a71a037-refs/branch-heads/5845@{#1382}) on port 57536
Only local connections are allowed.
Please see https://chromedriver.chromium.org/security-considerations for suggestions on keeping ChromeDriver safe.
ChromeDriver was started successfully.
Sep 10, 2023 3:46:57 PM org.openqa.selenium.remote.ProtocolHandshake createSession
INFO: Detected dialect: W3C
Total Lags count for this robot is : 2

]]></system-err>
  </testcase>
  <testcase name="shippingAddress[508 winfield Ave, Upper darby, PA, 19082](1)" classname="com.Tests.DeshBoardOrderTest" time="2.847">
    <system-out><![CDATA[1 Row's and ================= 1 Column === 
508 winfield Ave, Upper darby, PA, 19082, 
We are on the section number : 1. Head:
Available Item in the list is : 
Roll-a-thor head
Peanut crusher head
D.A.V.E head
Andy Roid head
Spanner mate head
Drillbit 2000 head
We are on 2. Body:
Roll-a-thor body
Peanut crusher body
D.A.V.E body
Andy Roid body
Spanner mate body
Drillbit 2000 body
We are on : 3. Legs:

Final Receipts of order: Receipt
2023-09-10T19:47:07.162Z
RSB-ROBO-ORDER-2TQOHPK1PK
508 winfield Ave, Upper darby, PA, 19082
Head: 2
Body: 2
Legs: 2
Thank you for your order! We will ship your robot to you as soon as our warehouse robots gather the parts you ordered! You will receive your robot in no time!

Back To Order Roobot Page. 
Text Found as : Build and order your robot!

]]></system-out>
    <system-err><![CDATA[Starting ChromeDriver 116.0.5845.96 (1a391816688002153ef791ffe60d9e899a71a037-refs/branch-heads/5845@{#1382}) on port 55518
Only local connections are allowed.
Please see https://chromedriver.chromium.org/security-considerations for suggestions on keeping ChromeDriver safe.
ChromeDriver was started successfully.
Sep 10, 2023 3:47:01 PM org.openqa.selenium.remote.ProtocolHandshake createSession
INFO: Detected dialect: W3C

Selected Head is : Peanut crusher head


Selected Body is : Peanut crusher body

Total Lags count for this robot is : 2

Robot is created : true
]]></system-err>
  </testcase>
  <testcase name="homeButtonTest" classname="com.Tests.HomePageTest" time="0.04">
    <system-out><![CDATA[Home button is appear correctly: true
]]></system-out>
    <system-err><![CDATA[Starting ChromeDriver 116.0.5845.96 (1a391816688002153ef791ffe60d9e899a71a037-refs/branch-heads/5845@{#1382}) on port 7332
Only local connections are allowed.
Please see https://chromedriver.chromium.org/security-considerations for suggestions on keeping ChromeDriver safe.
ChromeDriver was started successfully.
Sep 10, 2023 3:47:11 PM org.openqa.selenium.remote.ProtocolHandshake createSession
INFO: Detected dialect: W3C
]]></system-err>
  </testcase>
  <testcase name="homePageText" classname="com.Tests.HomePageTest" time="0.05">
    <system-out><![CDATA[Expected Text found: Hey! Wait a minute... What is this site?
This is a demonstration site built by Robocorp. We use it for demos and our learning courses. Think about it as a gym for Software Robots!
You are absolutely free to play around with it. Mind you, sometimes it's intentionally a bit buggy! 😅
If this sounds interesting, visit us to learn how to make your own Software Robots!
]]></system-out>
    <system-err><![CDATA[Starting ChromeDriver 116.0.5845.96 (1a391816688002153ef791ffe60d9e899a71a037-refs/branch-heads/5845@{#1382}) on port 10450
Only local connections are allowed.
Please see https://chromedriver.chromium.org/security-considerations for suggestions on keeping ChromeDriver safe.
ChromeDriver was started successfully.
Sep 10, 2023 3:47:27 PM org.openqa.selenium.remote.ProtocolHandshake createSession
INFO: Detected dialect: W3C
]]></system-err>
  </testcase>
  <testcase name="loginButtonTest" classname="com.Tests.HomePageTest" time="0.058">
    <system-out><![CDATA[Login button is appear correctly: true
]]></system-out>
    <system-err><![CDATA[Starting ChromeDriver 116.0.5845.96 (1a391816688002153ef791ffe60d9e899a71a037-refs/branch-heads/5845@{#1382}) on port 64182
Only local connections are allowed.
Please see https://chromedriver.chromium.org/security-considerations for suggestions on keeping ChromeDriver safe.
ChromeDriver was started successfully.
Sep 10, 2023 3:47:30 PM org.openqa.selenium.remote.ProtocolHandshake createSession
INFO: Detected dialect: W3C
]]></system-err>
  </testcase>
  <testcase name="orderButtonTest" classname="com.Tests.HomePageTest" time="0.094">
    <system-out><![CDATA[Order button is appear correctly: true
]]></system-out>
    <system-err><![CDATA[Starting ChromeDriver 116.0.5845.96 (1a391816688002153ef791ffe60d9e899a71a037-refs/branch-heads/5845@{#1382}) on port 52603
Only local connections are allowed.
Please see https://chromedriver.chromium.org/security-considerations for suggestions on keeping ChromeDriver safe.
ChromeDriver was started successfully.
Sep 10, 2023 3:47:34 PM org.openqa.selenium.remote.ProtocolHandshake createSession
INFO: Detected dialect: W3C
]]></system-err>
  </testcase>
  <testcase name="pageTitleTest" classname="com.Tests.HomePageTest" time="0.031">
    <system-out><![CDATA[Page Title is : RobotSpareBin Industries Inc. - Intranet
]]></system-out>
    <system-err><![CDATA[Starting ChromeDriver 116.0.5845.96 (1a391816688002153ef791ffe60d9e899a71a037-refs/branch-heads/5845@{#1382}) on port 18859
Only local connections are allowed.
Please see https://chromedriver.chromium.org/security-considerations for suggestions on keeping ChromeDriver safe.
ChromeDriver was started successfully.
Sep 10, 2023 3:47:37 PM org.openqa.selenium.remote.ProtocolHandshake createSession
INFO: Detected dialect: W3C
]]></system-err>
  </testcase>
  <testcase name="pageTitleTest" classname="com.Tests.LoginPageTest" time="0.02">
    <system-out><![CDATA[Page Title is : RobotSpareBin Industries Inc. - Intranet
]]></system-out>
    <system-err><![CDATA[Starting ChromeDriver 116.0.5845.96 (1a391816688002153ef791ffe60d9e899a71a037-refs/branch-heads/5845@{#1382}) on port 34954
Only local connections are allowed.
Please see https://chromedriver.chromium.org/security-considerations for suggestions on keeping ChromeDriver safe.
ChromeDriver was started successfully.
Sep 10, 2023 3:47:40 PM org.openqa.selenium.remote.ProtocolHandshake createSession
INFO: Detected dialect: W3C
]]></system-err>
  </testcase>
  <testcase name="loginTest" classname="com.Tests.LoginPageTest" time="0.489">
    <system-out><![CDATA[Page Title is : RobotSpareBin Industries Inc. - Intranet
]]></system-out>
    <system-err><![CDATA[Starting ChromeDriver 116.0.5845.96 (1a391816688002153ef791ffe60d9e899a71a037-refs/branch-heads/5845@{#1382}) on port 5480
Only local connections are allowed.
Please see https://chromedriver.chromium.org/security-considerations for suggestions on keeping ChromeDriver safe.
ChromeDriver was started successfully.
Sep 10, 2023 3:47:43 PM org.openqa.selenium.remote.ProtocolHandshake createSession
INFO: Detected dialect: W3C
]]></system-err>
  </testcase>
  <testcase name="displayNameTest" classname="com.Tests.LoginPageTest" time="2.416">
    <system-out><![CDATA[Page Title is : RobotSpareBin Industries Inc. - Intranet
Display name found as : maria
]]></system-out>
    <system-err><![CDATA[Starting ChromeDriver 116.0.5845.96 (1a391816688002153ef791ffe60d9e899a71a037-refs/branch-heads/5845@{#1382}) on port 31012
Only local connections are allowed.
Please see https://chromedriver.chromium.org/security-considerations for suggestions on keeping ChromeDriver safe.
ChromeDriver was started successfully.
Sep 10, 2023 3:47:46 PM org.openqa.selenium.remote.ProtocolHandshake createSession
INFO: Detected dialect: W3C
]]></system-err>
  </testcase>
</testsuite>