<?xml version="1.0" encoding="UTF-8"?>
<testng-results ignored="1" total="24" passed="23" failed="0" skipped="0">
  <reporter-output>
  </reporter-output>
  <suite started-at="2023-09-10T15:46:00 EDT" name="Surefire suite" finished-at="2023-09-10T15:47:49 EDT" duration-ms="109063">
    <groups>
      <group name="Desh Board  Functions">
        <method signature="DeshBoardHomeTest.salseDataTest(java.lang.String,java.lang.String,java.lang.String)[pri:2, instance:com.Tests.DeshBoardHomeTest@156b88f5]" name="salseDataTest" class="com.Tests.DeshBoardHomeTest"/>
      </group> <!-- Desh Board  Functions -->
      <group name="Order Page Functions">
        <method signature="DeshBoardOrderTest.pageTitleTest()[pri:1, instance:com.Tests.DeshBoardOrderTest@43dac38f]" name="pageTitleTest" class="com.Tests.DeshBoardOrderTest"/>
        <method signature="DeshBoardOrderTest.orderManueTest()[pri:2, instance:com.Tests.DeshBoardOrderTest@43dac38f]" name="orderManueTest" class="com.Tests.DeshBoardOrderTest"/>
        <method signature="DeshBoardOrderTest.heasdSelectionTest()[pri:3, instance:com.Tests.DeshBoardOrderTest@43dac38f]" name="heasdSelectionTest" class="com.Tests.DeshBoardOrderTest"/>
        <method signature="DeshBoardOrderTest.bodySelectionTest()[pri:4, instance:com.Tests.DeshBoardOrderTest@43dac38f]" name="bodySelectionTest" class="com.Tests.DeshBoardOrderTest"/>
        <method signature="DeshBoardOrderTest.legsSelectionTest()[pri:5, instance:com.Tests.DeshBoardOrderTest@43dac38f]" name="legsSelectionTest" class="com.Tests.DeshBoardOrderTest"/>
        <method signature="DeshBoardOrderTest.shippingAddress(java.lang.String)[pri:6, instance:com.Tests.DeshBoardOrderTest@43dac38f]" name="shippingAddress" class="com.Tests.DeshBoardOrderTest"/>
      </group> <!-- Order Page Functions -->
      <group name="Home Page Functions">
        <method signature="HomePageTest.homeButtonTest()[pri:0, instance:com.Tests.HomePageTest@342c38f8]" name="homeButtonTest" class="com.Tests.HomePageTest"/>
        <method signature="HomePageTest.homePageText()[pri:0, instance:com.Tests.HomePageTest@342c38f8]" name="homePageText" class="com.Tests.HomePageTest"/>
        <method signature="HomePageTest.loginButtonTest()[pri:0, instance:com.Tests.HomePageTest@342c38f8]" name="loginButtonTest" class="com.Tests.HomePageTest"/>
        <method signature="HomePageTest.orderButtonTest()[pri:0, instance:com.Tests.HomePageTest@342c38f8]" name="orderButtonTest" class="com.Tests.HomePageTest"/>
        <method signature="HomePageTest.pageTitleTest()[pri:0, instance:com.Tests.HomePageTest@342c38f8]" name="pageTitleTest" class="com.Tests.HomePageTest"/>
        <method signature="LoginPageTest.pageTitleTest()[pri:1, instance:com.Tests.LoginPageTest@c88a337]" name="pageTitleTest" class="com.Tests.LoginPageTest"/>
      </group> <!-- Home Page Functions -->
      <group name="Login page Functionalities">
        <method signature="LoginPageTest.loginTest()[pri:2, instance:com.Tests.LoginPageTest@c88a337]" name="loginTest" class="com.Tests.LoginPageTest"/>
        <method signature="LoginPageTest.displayNameTest()[pri:3, instance:com.Tests.LoginPageTest@c88a337]" name="displayNameTest" class="com.Tests.LoginPageTest"/>
      </group> <!-- Login page Functionalities -->
      <group name="Desh Board Page Functions">
        <method signature="DeshBoardHomeTest.pageTitleTest()[pri:1, instance:com.Tests.DeshBoardHomeTest@156b88f5]" name="pageTitleTest" class="com.Tests.DeshBoardHomeTest"/>
      </group> <!-- Desh Board Page Functions -->
    </groups>
    <test started-at="2023-09-10T15:46:00 EDT" name="Surefire test" finished-at="2023-09-10T15:47:49 EDT" duration-ms="109063">
      <class name="com.Tests.HomePageTest">
        <test-method is-config="true" signature="tearUp()[pri:0, instance:com.Tests.HomePageTest@342c38f8]" started-at="2023-09-10T15:47:08 EDT" name="tearUp" finished-at="2023-09-10T15:47:26 EDT" duration-ms="17553" status="PASS">
          <reporter-output>
          </reporter-output>
        </test-method> <!-- tearUp -->
        <test-method signature="homeButtonTest()[pri:0, instance:com.Tests.HomePageTest@342c38f8]" started-at="2023-09-10T15:47:26 EDT" name="homeButtonTest" finished-at="2023-09-10T15:47:26 EDT" duration-ms="37" status="PASS">
          <reporter-output>
          </reporter-output>
        </test-method> <!-- homeButtonTest -->
        <test-method is-config="true" signature="tearDown()[pri:0, instance:com.Tests.HomePageTest@342c38f8]" started-at="2023-09-10T15:47:26 EDT" name="tearDown" finished-at="2023-09-10T15:47:26 EDT" duration-ms="166" status="PASS">
          <reporter-output>
          </reporter-output>
        </test-method> <!-- tearDown -->
        <test-method is-config="true" signature="tearUp()[pri:0, instance:com.Tests.HomePageTest@342c38f8]" started-at="2023-09-10T15:47:26 EDT" name="tearUp" finished-at="2023-09-10T15:47:29 EDT" duration-ms="3101" status="PASS">
          <reporter-output>
          </reporter-output>
        </test-method> <!-- tearUp -->
        <test-method signature="homePageText()[pri:0, instance:com.Tests.HomePageTest@342c38f8]" started-at="2023-09-10T15:47:29 EDT" name="homePageText" finished-at="2023-09-10T15:47:29 EDT" duration-ms="41" status="PASS">
          <reporter-output>
          </reporter-output>
        </test-method> <!-- homePageText -->
        <test-method is-config="true" signature="tearDown()[pri:0, instance:com.Tests.HomePageTest@342c38f8]" started-at="2023-09-10T15:47:29 EDT" name="tearDown" finished-at="2023-09-10T15:47:29 EDT" duration-ms="185" status="PASS">
          <reporter-output>
          </reporter-output>
        </test-method> <!-- tearDown -->
        <test-method is-config="true" signature="tearUp()[pri:0, instance:com.Tests.HomePageTest@342c38f8]" started-at="2023-09-10T15:47:29 EDT" name="tearUp" finished-at="2023-09-10T15:47:32 EDT" duration-ms="3272" status="PASS">
          <reporter-output>
          </reporter-output>
        </test-method> <!-- tearUp -->
        <test-method signature="loginButtonTest()[pri:0, instance:com.Tests.HomePageTest@342c38f8]" started-at="2023-09-10T15:47:32 EDT" name="loginButtonTest" finished-at="2023-09-10T15:47:32 EDT" duration-ms="54" status="PASS">
          <reporter-output>
          </reporter-output>
        </test-method> <!-- loginButtonTest -->
        <test-method is-config="true" signature="tearDown()[pri:0, instance:com.Tests.HomePageTest@342c38f8]" started-at="2023-09-10T15:47:32 EDT" name="tearDown" finished-at="2023-09-10T15:47:33 EDT" duration-ms="221" status="PASS">
          <reporter-output>
          </reporter-output>
        </test-method> <!-- tearDown -->
        <test-method is-config="true" signature="tearUp()[pri:0, instance:com.Tests.HomePageTest@342c38f8]" started-at="2023-09-10T15:47:33 EDT" name="tearUp" finished-at="2023-09-10T15:47:35 EDT" duration-ms="2294" status="PASS">
          <reporter-output>
          </reporter-output>
        </test-method> <!-- tearUp -->
        <test-method signature="orderButtonTest()[pri:0, instance:com.Tests.HomePageTest@342c38f8]" started-at="2023-09-10T15:47:35 EDT" name="orderButtonTest" finished-at="2023-09-10T15:47:35 EDT" duration-ms="85" status="PASS">
          <reporter-output>
          </reporter-output>
        </test-method> <!-- orderButtonTest -->
        <test-method is-config="true" signature="tearDown()[pri:0, instance:com.Tests.HomePageTest@342c38f8]" started-at="2023-09-10T15:47:35 EDT" name="tearDown" finished-at="2023-09-10T15:47:35 EDT" duration-ms="342" status="PASS">
          <reporter-output>
          </reporter-output>
        </test-method> <!-- tearDown -->
        <test-method is-config="true" signature="tearUp()[pri:0, instance:com.Tests.HomePageTest@342c38f8]" started-at="2023-09-10T15:47:35 EDT" name="tearUp" finished-at="2023-09-10T15:47:38 EDT" duration-ms="2682" status="PASS">
          <reporter-output>
          </reporter-output>
        </test-method> <!-- tearUp -->
        <test-method signature="pageTitleTest()[pri:0, instance:com.Tests.HomePageTest@342c38f8]" started-at="2023-09-10T15:47:38 EDT" name="pageTitleTest" finished-at="2023-09-10T15:47:38 EDT" duration-ms="24" status="PASS">
          <reporter-output>
          </reporter-output>
        </test-method> <!-- pageTitleTest -->
        <test-method is-config="true" signature="tearDown()[pri:0, instance:com.Tests.HomePageTest@342c38f8]" started-at="2023-09-10T15:47:38 EDT" name="tearDown" finished-at="2023-09-10T15:47:38 EDT" duration-ms="168" status="PASS">
          <reporter-output>
          </reporter-output>
        </test-method> <!-- tearDown -->
      </class> <!-- com.Tests.HomePageTest -->
      <class name="com.Tests.DeshBoardOrderTest">
        <test-method is-config="true" signature="tearUp()[pri:0, instance:com.Tests.DeshBoardOrderTest@43dac38f]" started-at="2023-09-10T15:46:43 EDT" name="tearUp" finished-at="2023-09-10T15:46:45 EDT" duration-ms="2743" status="PASS">
          <reporter-output>
          </reporter-output>
        </test-method> <!-- tearUp -->
        <test-method signature="pageTitleTest()[pri:1, instance:com.Tests.DeshBoardOrderTest@43dac38f]" started-at="2023-09-10T15:46:45 EDT" name="pageTitleTest" finished-at="2023-09-10T15:46:45 EDT" duration-ms="7" status="PASS">
          <reporter-output>
          </reporter-output>
        </test-method> <!-- pageTitleTest -->
        <test-method is-config="true" signature="tearUp()[pri:0, instance:com.Tests.DeshBoardOrderTest@43dac38f]" started-at="2023-09-10T15:46:45 EDT" name="tearUp" finished-at="2023-09-10T15:46:48 EDT" duration-ms="2696" status="PASS">
          <reporter-output>
          </reporter-output>
        </test-method> <!-- tearUp -->
        <test-method signature="orderManueTest()[pri:2, instance:com.Tests.DeshBoardOrderTest@43dac38f]" started-at="2023-09-10T15:46:48 EDT" name="orderManueTest" finished-at="2023-09-10T15:46:48 EDT" duration-ms="38" status="PASS">
          <reporter-output>
          </reporter-output>
        </test-method> <!-- orderManueTest -->
        <test-method is-config="true" signature="tearUp()[pri:0, instance:com.Tests.DeshBoardOrderTest@43dac38f]" started-at="2023-09-10T15:46:48 EDT" name="tearUp" finished-at="2023-09-10T15:46:51 EDT" duration-ms="2903" status="PASS">
          <reporter-output>
          </reporter-output>
        </test-method> <!-- tearUp -->
        <test-method signature="heasdSelectionTest()[pri:3, instance:com.Tests.DeshBoardOrderTest@43dac38f]" started-at="2023-09-10T15:46:51 EDT" name="heasdSelectionTest" finished-at="2023-09-10T15:46:52 EDT" duration-ms="698" status="PASS">
          <reporter-output>
          </reporter-output>
        </test-method> <!-- heasdSelectionTest -->
        <test-method is-config="true" signature="tearUp()[pri:0, instance:com.Tests.DeshBoardOrderTest@43dac38f]" started-at="2023-09-10T15:46:52 EDT" name="tearUp" finished-at="2023-09-10T15:46:55 EDT" duration-ms="3190" status="PASS">
          <reporter-output>
          </reporter-output>
        </test-method> <!-- tearUp -->
        <test-method signature="bodySelectionTest()[pri:4, instance:com.Tests.DeshBoardOrderTest@43dac38f]" started-at="2023-09-10T15:46:55 EDT" name="bodySelectionTest" finished-at="2023-09-10T15:46:55 EDT" duration-ms="281" status="PASS">
          <reporter-output>
          </reporter-output>
        </test-method> <!-- bodySelectionTest -->
        <test-method is-config="true" signature="tearUp()[pri:0, instance:com.Tests.DeshBoardOrderTest@43dac38f]" started-at="2023-09-10T15:46:55 EDT" name="tearUp" finished-at="2023-09-10T15:46:59 EDT" duration-ms="3816" status="PASS">
          <reporter-output>
          </reporter-output>
        </test-method> <!-- tearUp -->
        <test-method signature="legsSelectionTest()[pri:5, instance:com.Tests.DeshBoardOrderTest@43dac38f]" started-at="2023-09-10T15:46:59 EDT" name="legsSelectionTest" finished-at="2023-09-10T15:46:59 EDT" duration-ms="112" status="PASS">
          <reporter-output>
          </reporter-output>
        </test-method> <!-- legsSelectionTest -->
        <test-method is-config="true" signature="tearUp()[pri:0, instance:com.Tests.DeshBoardOrderTest@43dac38f]" started-at="2023-09-10T15:46:59 EDT" name="tearUp" finished-at="2023-09-10T15:47:05 EDT" duration-ms="5865" status="PASS">
          <reporter-output>
          </reporter-output>
        </test-method> <!-- tearUp -->
        <test-method signature="shippingAddress(java.lang.String)[pri:6, instance:com.Tests.DeshBoardOrderTest@43dac38f]" started-at="2023-09-10T15:47:05 EDT" name="shippingAddress" data-provider="getNewData" finished-at="2023-09-10T15:47:08 EDT" duration-ms="2844" status="PASS">
          <params>
            <param index="0">
              <value>
                <![CDATA[508 winfield Ave, Upper darby, PA, 19082]]>
              </value>
            </param>
          </params>
          <reporter-output>
          </reporter-output>
        </test-method> <!-- shippingAddress -->
      </class> <!-- com.Tests.DeshBoardOrderTest -->
      <class name="com.Tests.LoginPageTest">
        <test-method is-config="true" signature="tearUp()[pri:0, instance:com.Tests.LoginPageTest@c88a337]" started-at="2023-09-10T15:47:38 EDT" name="tearUp" finished-at="2023-09-10T15:47:41 EDT" duration-ms="2383" status="PASS">
          <reporter-output>
          </reporter-output>
        </test-method> <!-- tearUp -->
        <test-method signature="pageTitleTest()[pri:1, instance:com.Tests.LoginPageTest@c88a337]" started-at="2023-09-10T15:47:41 EDT" name="pageTitleTest" finished-at="2023-09-10T15:47:41 EDT" duration-ms="16" status="PASS">
          <reporter-output>
          </reporter-output>
        </test-method> <!-- pageTitleTest -->
        <test-method is-config="true" signature="tearDown()[pri:0, instance:com.Tests.LoginPageTest@c88a337]" started-at="2023-09-10T15:47:41 EDT" name="tearDown" finished-at="2023-09-10T15:47:41 EDT" duration-ms="148" status="PASS">
          <reporter-output>
          </reporter-output>
        </test-method> <!-- tearDown -->
        <test-method is-config="true" signature="tearUp()[pri:0, instance:com.Tests.LoginPageTest@c88a337]" started-at="2023-09-10T15:47:41 EDT" name="tearUp" finished-at="2023-09-10T15:47:43 EDT" duration-ms="2459" status="PASS">
          <reporter-output>
          </reporter-output>
        </test-method> <!-- tearUp -->
        <test-method signature="loginTest()[pri:2, instance:com.Tests.LoginPageTest@c88a337]" started-at="2023-09-10T15:47:43 EDT" name="loginTest" finished-at="2023-09-10T15:47:44 EDT" duration-ms="484" status="PASS">
          <reporter-output>
          </reporter-output>
        </test-method> <!-- loginTest -->
        <test-method is-config="true" signature="tearDown()[pri:0, instance:com.Tests.LoginPageTest@c88a337]" started-at="2023-09-10T15:47:44 EDT" name="tearDown" finished-at="2023-09-10T15:47:44 EDT" duration-ms="251" status="PASS">
          <reporter-output>
          </reporter-output>
        </test-method> <!-- tearDown -->
        <test-method is-config="true" signature="tearUp()[pri:0, instance:com.Tests.LoginPageTest@c88a337]" started-at="2023-09-10T15:47:44 EDT" name="tearUp" finished-at="2023-09-10T15:47:46 EDT" duration-ms="2411" status="PASS">
          <reporter-output>
          </reporter-output>
        </test-method> <!-- tearUp -->
        <test-method signature="displayNameTest()[pri:3, instance:com.Tests.LoginPageTest@c88a337]" started-at="2023-09-10T15:47:46 EDT" name="displayNameTest" finished-at="2023-09-10T15:47:49 EDT" duration-ms="2315" status="PASS">
          <reporter-output>
          </reporter-output>
        </test-method> <!-- displayNameTest -->
        <test-method is-config="true" signature="tearDown()[pri:0, instance:com.Tests.LoginPageTest@c88a337]" started-at="2023-09-10T15:47:49 EDT" name="tearDown" finished-at="2023-09-10T15:47:49 EDT" duration-ms="301" status="PASS">
          <reporter-output>
          </reporter-output>
        </test-method> <!-- tearDown -->
      </class> <!-- com.Tests.LoginPageTest -->
      <class name="com.Tests.DeshBoardHomeTest">
        <test-method is-config="true" signature="tearUp()[pri:0, instance:com.Tests.DeshBoardHomeTest@156b88f5]" started-at="2023-09-10T15:46:00 EDT" name="tearUp" finished-at="2023-09-10T15:46:04 EDT" duration-ms="3835" status="PASS">
          <reporter-output>
          </reporter-output>
        </test-method> <!-- tearUp -->
        <test-method signature="pageTitleTest()[pri:1, instance:com.Tests.DeshBoardHomeTest@156b88f5]" started-at="2023-09-10T15:46:04 EDT" name="pageTitleTest" finished-at="2023-09-10T15:46:04 EDT" duration-ms="14" status="PASS">
          <reporter-output>
          </reporter-output>
        </test-method> <!-- pageTitleTest -->
        <test-method is-config="true" signature="tearDown()[pri:0, instance:com.Tests.DeshBoardHomeTest@156b88f5]" started-at="2023-09-10T15:46:04 EDT" name="tearDown" finished-at="2023-09-10T15:46:04 EDT" duration-ms="214" status="PASS">
          <reporter-output>
          </reporter-output>
        </test-method> <!-- tearDown -->
        <test-method is-config="true" signature="tearUp()[pri:0, instance:com.Tests.DeshBoardHomeTest@156b88f5]" started-at="2023-09-10T15:46:05 EDT" name="tearUp" finished-at="2023-09-10T15:46:07 EDT" duration-ms="1949" status="PASS">
          <reporter-output>
          </reporter-output>
        </test-method> <!-- tearUp -->
        <test-method signature="salseDataTest(java.lang.String,java.lang.String,java.lang.String)[pri:2, instance:com.Tests.DeshBoardHomeTest@156b88f5]" started-at="2023-09-10T15:46:07 EDT" name="salseDataTest" data-provider="getNewData" finished-at="2023-09-10T15:46:09 EDT" duration-ms="1832" status="PASS">
          <params>
            <param index="0">
              <value>
                <![CDATA[MIraz]]>
              </value>
            </param>
            <param index="1">
              <value>
                <![CDATA[Zaman]]>
              </value>
            </param>
            <param index="2">
              <value>
                <![CDATA[3210.0]]>
              </value>
            </param>
          </params>
          <reporter-output>
          </reporter-output>
        </test-method> <!-- salseDataTest -->
        <test-method is-config="true" signature="tearDown()[pri:0, instance:com.Tests.DeshBoardHomeTest@156b88f5]" started-at="2023-09-10T15:46:09 EDT" name="tearDown" finished-at="2023-09-10T15:46:09 EDT" duration-ms="196" status="PASS">
          <reporter-output>
          </reporter-output>
        </test-method> <!-- tearDown -->
        <test-method is-config="true" signature="tearUp()[pri:0, instance:com.Tests.DeshBoardHomeTest@156b88f5]" started-at="2023-09-10T15:46:09 EDT" name="tearUp" finished-at="2023-09-10T15:46:10 EDT" duration-ms="1603" status="PASS">
          <reporter-output>
          </reporter-output>
        </test-method> <!-- tearUp -->
        <test-method signature="salseDataTest(java.lang.String,java.lang.String,java.lang.String)[pri:2, instance:com.Tests.DeshBoardHomeTest@156b88f5]" started-at="2023-09-10T15:46:10 EDT" name="salseDataTest" data-provider="getNewData" finished-at="2023-09-10T15:46:13 EDT" duration-ms="2971" status="PASS">
          <params>
            <param index="0">
              <value>
                <![CDATA[Daraz]]>
              </value>
            </param>
            <param index="1">
              <value>
                <![CDATA[Khamit]]>
              </value>
            </param>
            <param index="2">
              <value>
                <![CDATA[1245.0]]>
              </value>
            </param>
          </params>
          <reporter-output>
          </reporter-output>
        </test-method> <!-- salseDataTest -->
        <test-method is-config="true" signature="tearDown()[pri:0, instance:com.Tests.DeshBoardHomeTest@156b88f5]" started-at="2023-09-10T15:46:13 EDT" name="tearDown" finished-at="2023-09-10T15:46:14 EDT" duration-ms="234" status="PASS">
          <reporter-output>
          </reporter-output>
        </test-method> <!-- tearDown -->
        <test-method is-config="true" signature="tearUp()[pri:0, instance:com.Tests.DeshBoardHomeTest@156b88f5]" started-at="2023-09-10T15:46:14 EDT" name="tearUp" finished-at="2023-09-10T15:46:15 EDT" duration-ms="1568" status="PASS">
          <reporter-output>
          </reporter-output>
        </test-method> <!-- tearUp -->
        <test-method signature="salseDataTest(java.lang.String,java.lang.String,java.lang.String)[pri:2, instance:com.Tests.DeshBoardHomeTest@156b88f5]" started-at="2023-09-10T15:46:15 EDT" name="salseDataTest" data-provider="getNewData" finished-at="2023-09-10T15:46:17 EDT" duration-ms="2225" status="PASS">
          <params>
            <param index="0">
              <value>
                <![CDATA[Saraz]]>
              </value>
            </param>
            <param index="1">
              <value>
                <![CDATA[Amit]]>
              </value>
            </param>
            <param index="2">
              <value>
                <![CDATA[845.0]]>
              </value>
            </param>
          </params>
          <reporter-output>
          </reporter-output>
        </test-method> <!-- salseDataTest -->
        <test-method is-config="true" signature="tearDown()[pri:0, instance:com.Tests.DeshBoardHomeTest@156b88f5]" started-at="2023-09-10T15:46:17 EDT" name="tearDown" finished-at="2023-09-10T15:46:18 EDT" duration-ms="186" status="PASS">
          <reporter-output>
          </reporter-output>
        </test-method> <!-- tearDown -->
        <test-method is-config="true" signature="tearUp()[pri:0, instance:com.Tests.DeshBoardHomeTest@156b88f5]" started-at="2023-09-10T15:46:18 EDT" name="tearUp" finished-at="2023-09-10T15:46:19 EDT" duration-ms="1603" status="PASS">
          <reporter-output>
          </reporter-output>
        </test-method> <!-- tearUp -->
        <test-method signature="salseDataTest(java.lang.String,java.lang.String,java.lang.String)[pri:2, instance:com.Tests.DeshBoardHomeTest@156b88f5]" started-at="2023-09-10T15:46:19 EDT" name="salseDataTest" data-provider="getNewData" finished-at="2023-09-10T15:46:23 EDT" duration-ms="3774" status="PASS">
          <params>
            <param index="0">
              <value>
                <![CDATA[Ankit]]>
              </value>
            </param>
            <param index="1">
              <value>
                <![CDATA[Dash]]>
              </value>
            </param>
            <param index="2">
              <value>
                <![CDATA[3254.0]]>
              </value>
            </param>
          </params>
          <reporter-output>
          </reporter-output>
        </test-method> <!-- salseDataTest -->
        <test-method is-config="true" signature="tearDown()[pri:0, instance:com.Tests.DeshBoardHomeTest@156b88f5]" started-at="2023-09-10T15:46:23 EDT" name="tearDown" finished-at="2023-09-10T15:46:23 EDT" duration-ms="136" status="PASS">
          <reporter-output>
          </reporter-output>
        </test-method> <!-- tearDown -->
        <test-method is-config="true" signature="tearUp()[pri:0, instance:com.Tests.DeshBoardHomeTest@156b88f5]" started-at="2023-09-10T15:46:23 EDT" name="tearUp" finished-at="2023-09-10T15:46:26 EDT" duration-ms="2594" status="PASS">
          <reporter-output>
          </reporter-output>
        </test-method> <!-- tearUp -->
        <test-method signature="salseDataTest(java.lang.String,java.lang.String,java.lang.String)[pri:2, instance:com.Tests.DeshBoardHomeTest@156b88f5]" started-at="2023-09-10T15:46:26 EDT" name="salseDataTest" data-provider="getNewData" finished-at="2023-09-10T15:46:28 EDT" duration-ms="1696" status="PASS">
          <params>
            <param index="0">
              <value>
                <![CDATA[Chanchar]]>
              </value>
            </param>
            <param index="1">
              <value>
                <![CDATA[Bash]]>
              </value>
            </param>
            <param index="2">
              <value>
                <![CDATA[3245.0]]>
              </value>
            </param>
          </params>
          <reporter-output>
          </reporter-output>
        </test-method> <!-- salseDataTest -->
        <test-method is-config="true" signature="tearDown()[pri:0, instance:com.Tests.DeshBoardHomeTest@156b88f5]" started-at="2023-09-10T15:46:28 EDT" name="tearDown" finished-at="2023-09-10T15:46:28 EDT" duration-ms="124" status="PASS">
          <reporter-output>
          </reporter-output>
        </test-method> <!-- tearDown -->
        <test-method is-config="true" signature="tearUp()[pri:0, instance:com.Tests.DeshBoardHomeTest@156b88f5]" started-at="2023-09-10T15:46:28 EDT" name="tearUp" finished-at="2023-09-10T15:46:30 EDT" duration-ms="1978" status="PASS">
          <reporter-output>
          </reporter-output>
        </test-method> <!-- tearUp -->
        <test-method signature="salseDataTest(java.lang.String,java.lang.String,java.lang.String)[pri:2, instance:com.Tests.DeshBoardHomeTest@156b88f5]" started-at="2023-09-10T15:46:30 EDT" name="salseDataTest" data-provider="getNewData" finished-at="2023-09-10T15:46:33 EDT" duration-ms="3010" status="PASS">
          <params>
            <param index="0">
              <value>
                <![CDATA[Mike]]>
              </value>
            </param>
            <param index="1">
              <value>
                <![CDATA[Tumil]]>
              </value>
            </param>
            <param index="2">
              <value>
                <![CDATA[786.0]]>
              </value>
            </param>
          </params>
          <reporter-output>
          </reporter-output>
        </test-method> <!-- salseDataTest -->
        <test-method is-config="true" signature="tearDown()[pri:0, instance:com.Tests.DeshBoardHomeTest@156b88f5]" started-at="2023-09-10T15:46:33 EDT" name="tearDown" finished-at="2023-09-10T15:46:33 EDT" duration-ms="216" status="PASS">
          <reporter-output>
          </reporter-output>
        </test-method> <!-- tearDown -->
        <test-method is-config="true" signature="tearUp()[pri:0, instance:com.Tests.DeshBoardHomeTest@156b88f5]" started-at="2023-09-10T15:46:33 EDT" name="tearUp" finished-at="2023-09-10T15:46:35 EDT" duration-ms="2204" status="PASS">
          <reporter-output>
          </reporter-output>
        </test-method> <!-- tearUp -->
        <test-method signature="salseDataTest(java.lang.String,java.lang.String,java.lang.String)[pri:2, instance:com.Tests.DeshBoardHomeTest@156b88f5]" started-at="2023-09-10T15:46:35 EDT" name="salseDataTest" data-provider="getNewData" finished-at="2023-09-10T15:46:39 EDT" duration-ms="4001" status="PASS">
          <params>
            <param index="0">
              <value>
                <![CDATA[Sean]]>
              </value>
            </param>
            <param index="1">
              <value>
                <![CDATA[Jhon]]>
              </value>
            </param>
            <param index="2">
              <value>
                <![CDATA[3251.0]]>
              </value>
            </param>
          </params>
          <reporter-output>
          </reporter-output>
        </test-method> <!-- salseDataTest -->
        <test-method is-config="true" signature="tearDown()[pri:0, instance:com.Tests.DeshBoardHomeTest@156b88f5]" started-at="2023-09-10T15:46:39 EDT" name="tearDown" finished-at="2023-09-10T15:46:39 EDT" duration-ms="139" status="PASS">
          <reporter-output>
          </reporter-output>
        </test-method> <!-- tearDown -->
        <test-method is-config="true" signature="tearUp()[pri:0, instance:com.Tests.DeshBoardHomeTest@156b88f5]" started-at="2023-09-10T15:46:39 EDT" name="tearUp" finished-at="2023-09-10T15:46:41 EDT" duration-ms="1710" status="PASS">
          <reporter-output>
          </reporter-output>
        </test-method> <!-- tearUp -->
        <test-method signature="salseDataTest(java.lang.String,java.lang.String,java.lang.String)[pri:2, instance:com.Tests.DeshBoardHomeTest@156b88f5]" started-at="2023-09-10T15:46:41 EDT" name="salseDataTest" data-provider="getNewData" finished-at="2023-09-10T15:46:43 EDT" duration-ms="1592" status="PASS">
          <params>
            <param index="0">
              <value>
                <![CDATA[Shukinodr]]>
              </value>
            </param>
            <param index="1">
              <value>
                <![CDATA[Preet]]>
              </value>
            </param>
            <param index="2">
              <value>
                <![CDATA[4800.0]]>
              </value>
            </param>
          </params>
          <reporter-output>
          </reporter-output>
        </test-method> <!-- salseDataTest -->
        <test-method is-config="true" signature="tearDown()[pri:0, instance:com.Tests.DeshBoardHomeTest@156b88f5]" started-at="2023-09-10T15:46:43 EDT" name="tearDown" finished-at="2023-09-10T15:46:43 EDT" duration-ms="152" status="PASS">
          <reporter-output>
          </reporter-output>
        </test-method> <!-- tearDown -->
      </class> <!-- com.Tests.DeshBoardHomeTest -->
    </test> <!-- Surefire test -->
  </suite> <!-- Surefire suite -->
</testng-results>
