<?xml version="1.0" encoding="UTF-8" ?>
<testsuite tests="23" failures="0" name="TestSuite" time="23.858" errors="0" skipped="0">
  <properties>
[...]
</properties>
  <testcase classname="com.Tests.DeshBoardHomeTest" name="pageTitleTest" time="0.019"/>
  <testcase classname="com.Tests.DeshBoardHomeTest" name="salseDataTest" time="3.629"/>
  <testcase classname="com.Tests.DeshBoardHomeTest" name="salseDataTest" time="2.702"/>
  <testcase classname="com.Tests.DeshBoardHomeTest" name="salseDataTest" time="1.5"/>
  <testcase classname="com.Tests.DeshBoardHomeTest" name="salseDataTest" time="1.09"/>
  <testcase classname="com.Tests.DeshBoardHomeTest" name="salseDataTest" time="2.726"/>
  <testcase classname="com.Tests.DeshBoardHomeTest" name="salseDataTest" time="2.101"/>
  <testcase classname="com.Tests.DeshBoardHomeTest" name="salseDataTest" time="1.295"/>
  <testcase classname="com.Tests.DeshBoardHomeTest" name="salseDataTest" time="2.509"/>
  <testcase classname="com.Tests.DeshBoardOrderTest" name="pageTitleTest" time="0.008"/>
  <testcase classname="com.Tests.DeshBoardOrderTest" name="orderManueTest" time="0.036"/>
  <testcase classname="com.Tests.DeshBoardOrderTest" name="heasdSelectionTest" time="0.576"/>
  <testcase classname="com.Tests.DeshBoardOrderTest" name="bodySelectionTest" time="0.138"/>
  <testcase classname="com.Tests.DeshBoardOrderTest" name="legsSelectionTest" time="0.107"/>
  <testcase classname="com.Tests.DeshBoardOrderTest" name="shippingAddress" time="1.864"/>
  <testcase classname="com.Tests.HomePageTest" name="homeButtonTest" time="0.046"/>
  <testcase classname="com.Tests.HomePageTest" name="homePageText" time="0.041"/>
  <testcase classname="com.Tests.HomePageTest" name="loginButtonTest" time="0.049"/>
  <testcase classname="com.Tests.HomePageTest" name="orderButtonTest" time="0.064"/>
  <testcase classname="com.Tests.HomePageTest" name="pageTitleTest" time="0.012"/>
  <testcase classname="com.Tests.LoginPageTest" name="pageTitleTest" time="0.01"/>
  <testcase classname="com.Tests.LoginPageTest" name="loginTest" time="0.289"/>
  <testcase classname="com.Tests.LoginPageTest" name="displayNameTest" time="3.047"/>
</testsuite>