<?xml version="1.0" encoding="UTF-8"?>
<testng-results ignored="0" total="1" passed="1" failed="0" skipped="0">
  <reporter-output>
  </reporter-output>
  <suite started-at="2023-09-08T11:31:58 EDT" name="Default suite" finished-at="2023-09-08T11:32:03 EDT" duration-ms="5160">
    <groups>
      <group name="Order Page Functions">
        <method signature="DeshBoardOrderTest.shippingAddress(java.lang.String)[pri:6, instance:com.Tests.DeshBoardOrderTest@30c93896]" name="shippingAddress" class="com.Tests.DeshBoardOrderTest"/>
      </group> <!-- Order Page Functions -->
    </groups>
    <test started-at="2023-09-08T11:31:58 EDT" name="Default test" finished-at="2023-09-08T11:32:03 EDT" duration-ms="5160">
      <class name="com.Tests.DeshBoardOrderTest">
        <test-method is-config="true" signature="tearUp()[pri:0, instance:com.Tests.DeshBoardOrderTest@30c93896]" started-at="2023-09-08T11:31:58 EDT" name="tearUp" finished-at="2023-09-08T11:32:01 EDT" duration-ms="2434" status="PASS">
          <reporter-output>
          </reporter-output>
        </test-method> <!-- tearUp -->
        <test-method signature="shippingAddress(java.lang.String)[pri:6, instance:com.Tests.DeshBoardOrderTest@30c93896]" started-at="2023-09-08T11:32:01 EDT" name="shippingAddress" data-provider="getNewData" finished-at="2023-09-08T11:32:03 EDT" duration-ms="2037" status="PASS">
          <params>
            <param index="0">
              <value>
                <![CDATA[508 winfield Ave, Upper darby, PA, 19082]]>
              </value>
            </param>
          </params>
          <reporter-output>
          </reporter-output>
        </test-method> <!-- shippingAddress -->
      </class> <!-- com.Tests.DeshBoardOrderTest -->
    </test> <!-- Default test -->
  </suite> <!-- Default suite -->
</testng-results>
